


ARM Macro Assembler    Page 1 


    1 00000000         ;*******************************************************
                       *******************
    2 00000000         ;* File   : startup_at32f421k8u7.s
    3 00000000         ;* Version: V1.2.4
    4 00000000         ;* Date   : 2020-08-26
    5 00000000         ;* Brief  : at32f4xx startup file for keil
    6 00000000         ;*******************************************************
                       *******************
    7 00000000         ;
    8 00000000         
    9 00000000         ; Amount of memory (in bytes) allocated for Stack
   10 00000000         ; Tailor this value to your application needs
   11 00000000         ; <h> Stack Configuration
   12 00000000         ;   <o> Stack Size (in Bytes) <0x0-0xFFFFFFFF:8>
   13 00000000         ; </h>
   14 00000000         
   15 00000000 00000400 
                       Stack_Size
                               EQU              0x00000400
   16 00000000         
   17 00000000                 AREA             STACK, NOINIT, READWRITE, ALIGN
=3
   18 00000000         Stack_Mem
                               SPACE            Stack_Size
   19 00000400         __initial_sp
   20 00000400         
   21 00000400         ; <h> Heap Configuration
   22 00000400         ;   <o>  Heap Size (in Bytes) <0x0-0xFFFFFFFF:8>
   23 00000400         ; </h>
   24 00000400         
   25 00000400 00000200 
                       Heap_Size
                               EQU              0x00000200
   26 00000400         
   27 00000400                 AREA             HEAP, NOINIT, READWRITE, ALIGN=
3
   28 00000000         __heap_base
   29 00000000         Heap_Mem
                               SPACE            Heap_Size
   30 00000200         __heap_limit
   31 00000200         
   32 00000200                 PRESERVE8
   33 00000200                 THUMB
   34 00000200         
   35 00000200         
   36 00000200         ; Vector Table Mapped to Address 0 at Reset
   37 00000200                 AREA             RESET, DATA, READONLY
   38 00000000                 EXPORT           __Vectors
   39 00000000                 EXPORT           __Vectors_End
   40 00000000                 EXPORT           __Vectors_Size
   41 00000000         
   42 00000000 00000000 
                       __Vectors
                               DCD              __initial_sp ; Top of Stack
   43 00000004 00000000        DCD              Reset_Handler ; Reset Handler
   44 00000008 00000000        DCD              NMI_Handler ; NMI Handler
   45 0000000C 00000000        DCD              HardFault_Handler ; Hard Fault 
                                                            Handler
   46 00000010 00000000        DCD              MemManage_Handler 



ARM Macro Assembler    Page 2 


                                                            ; MPU Fault Handler
                                                            
   47 00000014 00000000        DCD              BusFault_Handler 
                                                            ; Bus Fault Handler
                                                            
   48 00000018 00000000        DCD              UsageFault_Handler ; Usage Faul
                                                            t Handler
   49 0000001C 00000000        DCD              0           ; Reserved
   50 00000020 00000000        DCD              0           ; Reserved
   51 00000024 00000000        DCD              0           ; Reserved
   52 00000028 00000000        DCD              0           ; Reserved
   53 0000002C 00000000        DCD              SVC_Handler ; SVCall Handler
   54 00000030 00000000        DCD              DebugMon_Handler ; Debug Monito
                                                            r Handler
   55 00000034 00000000        DCD              0           ; Reserved
   56 00000038 00000000        DCD              PendSV_Handler ; PendSV Handler
                                                            
   57 0000003C 00000000        DCD              SysTick_Handler 
                                                            ; SysTick Handler
   58 00000040         
   59 00000040         ; External Interrupts
   60 00000040 00000000        DCD              WWDG_IRQHandler 
                                                            ; Window Watchdog
   61 00000044 00000000        DCD              PVD_IRQHandler ; PVD through EX
                                                            TI Line detect
   62 00000048 00000000        DCD              ERTC_IRQHandler ; ERTC
   63 0000004C 00000000        DCD              FLASH_IRQHandler ; Flash
   64 00000050 00000000        DCD              RCC_IRQHandler ; RCC
   65 00000054 00000000        DCD              EXTI1_0_IRQHandler 
                                                            ; EXTI Line [1:0]
   66 00000058 00000000        DCD              EXTI3_2_IRQHandler 
                                                            ; EXTI Line [3:2]
   67 0000005C 00000000        DCD              EXTI15_4_IRQHandler 
                                                            ; EXTI Line [15:4]
   68 00000060 00000000        DCD              0           ; Reserved
   69 00000064 00000000        DCD              DMA1_Channel1_IRQHandler 
                                                            ; DMA1 Channel 1
   70 00000068 00000000        DCD              DMA1_Channel3_2_IRQHandler ; DM
                                                            A1 Channel [3:2]
   71 0000006C 00000000        DCD              DMA1_Channel7_4_IRQHandler ; DM
                                                            A1 Channel [7:4]
   72 00000070 00000000        DCD              ADC_COMP_IRQHandler 
                                                            ; ADC & COMP
   73 00000074 00000000        DCD              TMR1_BRK_UP_TRG_COM_IRQHandler 
                                                            ; TMR1 Break Update
                                                             Trigger Commutatio
                                                            n
   74 00000078 00000000        DCD              TMR1_CC_IRQHandler ; TMR1 Captu
                                                            re Compare
   75 0000007C 00000000        DCD              0           ; Reserved
   76 00000080 00000000        DCD              TMR3_GLOBAL_IRQHandler ; TMR3
   77 00000084 00000000        DCD              TMR6_GLOBAL_IRQHandler ; TMR6
   78 00000088 00000000        DCD              0           ; Reserved
   79 0000008C 00000000        DCD              TMR14_GLOBAL_IRQHandler ; TMR14
                                                            
   80 00000090 00000000        DCD              TMR15_GLOBAL_IRQHandler ; TMR15
                                                            
   81 00000094 00000000        DCD              TMR16_GLOBAL_IRQHandler ; TMR16
                                                            



ARM Macro Assembler    Page 3 


   82 00000098 00000000        DCD              TMR17_GLOBAL_IRQHandler ; TMR17
                                                            
   83 0000009C 00000000        DCD              I2C1_EV_IRQHandler ; I2C1 Event
                                                            
   84 000000A0 00000000        DCD              I2C2_EV_IRQHandler ; I2C2 Event
                                                            
   85 000000A4 00000000        DCD              SPI1_IRQHandler ; SPI1
   86 000000A8 00000000        DCD              SPI2_IRQHandler ; SPI2
   87 000000AC 00000000        DCD              USART1_IRQHandler ; USART1
   88 000000B0 00000000        DCD              USART2_IRQHandler ; USART2
   89 000000B4 00000000        DCD              0           ; Reserved
   90 000000B8 00000000        DCD              0           ; Reserved
   91 000000BC 00000000        DCD              0           ; Reserved
   92 000000C0 00000000        DCD              I2C1_ER_IRQHandler ; I2C1 Error
                                                            
   93 000000C4 00000000        DCD              0           ; Reserved
   94 000000C8 00000000        DCD              I2C2_ER_IRQHandler ; I2C2 Error
                                                            
   95 000000CC         __Vectors_End
   96 000000CC         
   97 000000CC 000000CC 
                       __Vectors_Size
                               EQU              __Vectors_End - __Vectors
   98 000000CC         
   99 000000CC                 AREA             |.text|, CODE, READONLY
  100 00000000         
  101 00000000         ; Reset handler
  102 00000000         Reset_Handler
                               PROC
  103 00000000                 EXPORT           Reset_Handler                  
     [WEAK]
  104 00000000                 IMPORT           __main
  105 00000000                 IMPORT           SystemInit
  106 00000000 4809            LDR              R0, =SystemInit
  107 00000002 4780            BLX              R0
  108 00000004 4809            LDR              R0, =__main
  109 00000006 4700            BX               R0
  110 00000008                 ENDP
  111 00000008         
  112 00000008         ; Dummy Exception Handlers (infinite loops which can be 
                       modified)
  113 00000008         
  114 00000008         NMI_Handler
                               PROC
  115 00000008                 EXPORT           NMI_Handler                    
     [WEAK]
  116 00000008 E7FE            B                .
  117 0000000A                 ENDP
  119 0000000A         HardFault_Handler
                               PROC
  120 0000000A                 EXPORT           HardFault_Handler              
     [WEAK]
  121 0000000A E7FE            B                .
  122 0000000C                 ENDP
  124 0000000C         MemManage_Handler
                               PROC
  125 0000000C                 EXPORT           MemManage_Handler              
     [WEAK]
  126 0000000C E7FE            B                .



ARM Macro Assembler    Page 4 


  127 0000000E                 ENDP
  129 0000000E         BusFault_Handler
                               PROC
  130 0000000E                 EXPORT           BusFault_Handler               
     [WEAK]
  131 0000000E E7FE            B                .
  132 00000010                 ENDP
  134 00000010         UsageFault_Handler
                               PROC
  135 00000010                 EXPORT           UsageFault_Handler             
     [WEAK]
  136 00000010 E7FE            B                .
  137 00000012                 ENDP
  138 00000012         SVC_Handler
                               PROC
  139 00000012                 EXPORT           SVC_Handler                    
     [WEAK]
  140 00000012 E7FE            B                .
  141 00000014                 ENDP
  143 00000014         DebugMon_Handler
                               PROC
  144 00000014                 EXPORT           DebugMon_Handler               
     [WEAK]
  145 00000014 E7FE            B                .
  146 00000016                 ENDP
  147 00000016         PendSV_Handler
                               PROC
  148 00000016                 EXPORT           PendSV_Handler                 
     [WEAK]
  149 00000016 E7FE            B                .
  150 00000018                 ENDP
  151 00000018         SysTick_Handler
                               PROC
  152 00000018                 EXPORT           SysTick_Handler                
     [WEAK]
  153 00000018 E7FE            B                .
  154 0000001A                 ENDP
  155 0000001A         
  156 0000001A         Default_Handler
                               PROC
  157 0000001A                 EXPORT           WWDG_IRQHandler                
     [WEAK]
  158 0000001A                 EXPORT           PVD_IRQHandler                 
     [WEAK]
  159 0000001A                 EXPORT           ERTC_IRQHandler                
     [WEAK]
  160 0000001A                 EXPORT           FLASH_IRQHandler               
     [WEAK]
  161 0000001A                 EXPORT           RCC_IRQHandler                 
     [WEAK]
  162 0000001A                 EXPORT           EXTI1_0_IRQHandler             
     [WEAK]
  163 0000001A                 EXPORT           EXTI3_2_IRQHandler             
     [WEAK]
  164 0000001A                 EXPORT           EXTI15_4_IRQHandler            
     [WEAK]
  165 0000001A                 EXPORT           DMA1_Channel1_IRQHandler       
     [WEAK]
  166 0000001A                 EXPORT           DMA1_Channel3_2_IRQHandler     



ARM Macro Assembler    Page 5 


     [WEAK]
  167 0000001A                 EXPORT           DMA1_Channel7_4_IRQHandler     
     [WEAK]
  168 0000001A                 EXPORT           ADC_COMP_IRQHandler            
     [WEAK]
  169 0000001A                 EXPORT           TMR1_BRK_UP_TRG_COM_IRQHandler 
     [WEAK]
  170 0000001A                 EXPORT           TMR1_CC_IRQHandler             
     [WEAK]
  171 0000001A                 EXPORT           TMR3_GLOBAL_IRQHandler         
     [WEAK]
  172 0000001A                 EXPORT           TMR6_GLOBAL_IRQHandler         
     [WEAK]
  173 0000001A                 EXPORT           TMR14_GLOBAL_IRQHandler        
     [WEAK]
  174 0000001A                 EXPORT           TMR15_GLOBAL_IRQHandler        
     [WEAK]
  175 0000001A                 EXPORT           TMR16_GLOBAL_IRQHandler        
     [WEAK]
  176 0000001A                 EXPORT           TMR17_GLOBAL_IRQHandler        
     [WEAK]
  177 0000001A                 EXPORT           I2C1_EV_IRQHandler             
     [WEAK]
  178 0000001A                 EXPORT           I2C2_EV_IRQHandler             
     [WEAK]
  179 0000001A                 EXPORT           SPI1_IRQHandler                
     [WEAK]
  180 0000001A                 EXPORT           SPI2_IRQHandler                
     [WEAK]
  181 0000001A                 EXPORT           USART1_IRQHandler              
     [WEAK]
  182 0000001A                 EXPORT           USART2_IRQHandler              
     [WEAK]
  183 0000001A                 EXPORT           I2C1_ER_IRQHandler             
     [WEAK]
  184 0000001A                 EXPORT           I2C2_ER_IRQHandler             
     [WEAK]
  185 0000001A         WWDG_IRQHandler
  186 0000001A         PVD_IRQHandler
  187 0000001A         ERTC_IRQHandler
  188 0000001A         FLASH_IRQHandler
  189 0000001A         RCC_IRQHandler
  190 0000001A         EXTI1_0_IRQHandler
  191 0000001A         EXTI3_2_IRQHandler
  192 0000001A         EXTI15_4_IRQHandler
  193 0000001A         DMA1_Channel1_IRQHandler
  194 0000001A         DMA1_Channel3_2_IRQHandler
  195 0000001A         DMA1_Channel7_4_IRQHandler
  196 0000001A         ADC_COMP_IRQHandler
  197 0000001A         TMR1_BRK_UP_TRG_COM_IRQHandler
  198 0000001A         TMR1_CC_IRQHandler
  199 0000001A         TMR3_GLOBAL_IRQHandler
  200 0000001A         TMR6_GLOBAL_IRQHandler
  201 0000001A         TMR14_GLOBAL_IRQHandler
  202 0000001A         TMR15_GLOBAL_IRQHandler
  203 0000001A         TMR16_GLOBAL_IRQHandler
  204 0000001A         TMR17_GLOBAL_IRQHandler
  205 0000001A         I2C1_EV_IRQHandler
  206 0000001A         I2C2_EV_IRQHandler



ARM Macro Assembler    Page 6 


  207 0000001A         SPI1_IRQHandler
  208 0000001A         SPI2_IRQHandler
  209 0000001A         USART1_IRQHandler
  210 0000001A         USART2_IRQHandler
  211 0000001A         I2C1_ER_IRQHandler
  212 0000001A         I2C2_ER_IRQHandler
  213 0000001A E7FE            B                .
  214 0000001C         
  215 0000001C                 ENDP
  216 0000001C         
  217 0000001C                 ALIGN
  218 0000001C         
  219 0000001C         ;*******************************************************
                       ************************
  220 0000001C         ; User Stack and Heap initialization
  221 0000001C         ;*******************************************************
                       ************************
  222 0000001C                 IF               :DEF:__MICROLIB
  229 0000001C         
  230 0000001C                 IMPORT           __use_two_region_memory
  231 0000001C                 EXPORT           __user_initial_stackheap
  232 0000001C         
  233 0000001C         __user_initial_stackheap
  234 0000001C         
  235 0000001C 4804            LDR              R0, =  Heap_Mem
  236 0000001E 4905            LDR              R1, =(Stack_Mem + Stack_Size)
  237 00000020 4A05            LDR              R2, = (Heap_Mem +  Heap_Size)
  238 00000022 4B06            LDR              R3, = Stack_Mem
  239 00000024 4770            BX               LR
  240 00000026         
  241 00000026 00 00           ALIGN
  242 00000028         
  243 00000028                 ENDIF
  244 00000028         
  245 00000028                 END
              00000000 
              00000000 
              00000000 
              00000400 
              00000200 
              00000000 
Command Line: --xref --diag_suppress=9931 --cpu=Cortex-M4 --apcs=interwork --de
pend=.\objects\startup_at32f421k8u7.d -o.\objects\startup_at32f421k8u7.o -IC:\U
sers\alkaz\AppData\Local\Arm\Packs\Keil\AT32F4xx_DFP\1.3.7\Device\Include --pre
define="__EVAL SETA 1" --predefine="__UVISION_VERSION SETA 536" --predefine="AT
32F421K8U7 SETA 1" --list=.\listings\startup_at32f421k8u7.lst CMSIS\CM4\DeviceS
upport\startup\mdk\startup_at32f421k8u7.s



ARM Macro Assembler    Page 1 Alphabetic symbol ordering
Relocatable symbols

STACK 00000000

Symbol: STACK
   Definitions
      At line 17 in file CMSIS\CM4\DeviceSupport\startup\mdk\startup_at32f421k8
u7.s
   Uses
      None
Comment: STACK unused
Stack_Mem 00000000

Symbol: Stack_Mem
   Definitions
      At line 18 in file CMSIS\CM4\DeviceSupport\startup\mdk\startup_at32f421k8
u7.s
   Uses
      At line 236 in file CMSIS\CM4\DeviceSupport\startup\mdk\startup_at32f421k
8u7.s
      At line 238 in file CMSIS\CM4\DeviceSupport\startup\mdk\startup_at32f421k
8u7.s

__initial_sp 00000400

Symbol: __initial_sp
   Definitions
      At line 19 in file CMSIS\CM4\DeviceSupport\startup\mdk\startup_at32f421k8
u7.s
   Uses
      At line 42 in file CMSIS\CM4\DeviceSupport\startup\mdk\startup_at32f421k8
u7.s
Comment: __initial_sp used once
3 symbols



ARM Macro Assembler    Page 1 Alphabetic symbol ordering
Relocatable symbols

HEAP 00000000

Symbol: HEAP
   Definitions
      At line 27 in file CMSIS\CM4\DeviceSupport\startup\mdk\startup_at32f421k8
u7.s
   Uses
      None
Comment: HEAP unused
Heap_Mem 00000000

Symbol: Heap_Mem
   Definitions
      At line 29 in file CMSIS\CM4\DeviceSupport\startup\mdk\startup_at32f421k8
u7.s
   Uses
      At line 235 in file CMSIS\CM4\DeviceSupport\startup\mdk\startup_at32f421k
8u7.s
      At line 237 in file CMSIS\CM4\DeviceSupport\startup\mdk\startup_at32f421k
8u7.s

__heap_base 00000000

Symbol: __heap_base
   Definitions
      At line 28 in file CMSIS\CM4\DeviceSupport\startup\mdk\startup_at32f421k8
u7.s
   Uses
      None
Comment: __heap_base unused
__heap_limit 00000200

Symbol: __heap_limit
   Definitions
      At line 30 in file CMSIS\CM4\DeviceSupport\startup\mdk\startup_at32f421k8
u7.s
   Uses
      None
Comment: __heap_limit unused
4 symbols



ARM Macro Assembler    Page 1 Alphabetic symbol ordering
Relocatable symbols

RESET 00000000

Symbol: RESET
   Definitions
      At line 37 in file CMSIS\CM4\DeviceSupport\startup\mdk\startup_at32f421k8
u7.s
   Uses
      None
Comment: RESET unused
__Vectors 00000000

Symbol: __Vectors
   Definitions
      At line 42 in file CMSIS\CM4\DeviceSupport\startup\mdk\startup_at32f421k8
u7.s
   Uses
      At line 38 in file CMSIS\CM4\DeviceSupport\startup\mdk\startup_at32f421k8
u7.s
      At line 97 in file CMSIS\CM4\DeviceSupport\startup\mdk\startup_at32f421k8
u7.s

__Vectors_End 000000CC

Symbol: __Vectors_End
   Definitions
      At line 95 in file CMSIS\CM4\DeviceSupport\startup\mdk\startup_at32f421k8
u7.s
   Uses
      At line 39 in file CMSIS\CM4\DeviceSupport\startup\mdk\startup_at32f421k8
u7.s
      At line 97 in file CMSIS\CM4\DeviceSupport\startup\mdk\startup_at32f421k8
u7.s

3 symbols



ARM Macro Assembler    Page 1 Alphabetic symbol ordering
Relocatable symbols

.text 00000000

Symbol: .text
   Definitions
      At line 99 in file CMSIS\CM4\DeviceSupport\startup\mdk\startup_at32f421k8
u7.s
   Uses
      None
Comment: .text unused
ADC_COMP_IRQHandler 0000001A

Symbol: ADC_COMP_IRQHandler
   Definitions
      At line 196 in file CMSIS\CM4\DeviceSupport\startup\mdk\startup_at32f421k
8u7.s
   Uses
      At line 72 in file CMSIS\CM4\DeviceSupport\startup\mdk\startup_at32f421k8
u7.s
      At line 168 in file CMSIS\CM4\DeviceSupport\startup\mdk\startup_at32f421k
8u7.s

BusFault_Handler 0000000E

Symbol: BusFault_Handler
   Definitions
      At line 129 in file CMSIS\CM4\DeviceSupport\startup\mdk\startup_at32f421k
8u7.s
   Uses
      At line 47 in file CMSIS\CM4\DeviceSupport\startup\mdk\startup_at32f421k8
u7.s
      At line 130 in file CMSIS\CM4\DeviceSupport\startup\mdk\startup_at32f421k
8u7.s

DMA1_Channel1_IRQHandler 0000001A

Symbol: DMA1_Channel1_IRQHandler
   Definitions
      At line 193 in file CMSIS\CM4\DeviceSupport\startup\mdk\startup_at32f421k
8u7.s
   Uses
      At line 69 in file CMSIS\CM4\DeviceSupport\startup\mdk\startup_at32f421k8
u7.s
      At line 165 in file CMSIS\CM4\DeviceSupport\startup\mdk\startup_at32f421k
8u7.s

DMA1_Channel3_2_IRQHandler 0000001A

Symbol: DMA1_Channel3_2_IRQHandler
   Definitions
      At line 194 in file CMSIS\CM4\DeviceSupport\startup\mdk\startup_at32f421k
8u7.s
   Uses
      At line 70 in file CMSIS\CM4\DeviceSupport\startup\mdk\startup_at32f421k8
u7.s
      At line 166 in file CMSIS\CM4\DeviceSupport\startup\mdk\startup_at32f421k
8u7.s

DMA1_Channel7_4_IRQHandler 0000001A




ARM Macro Assembler    Page 2 Alphabetic symbol ordering
Relocatable symbols

Symbol: DMA1_Channel7_4_IRQHandler
   Definitions
      At line 195 in file CMSIS\CM4\DeviceSupport\startup\mdk\startup_at32f421k
8u7.s
   Uses
      At line 71 in file CMSIS\CM4\DeviceSupport\startup\mdk\startup_at32f421k8
u7.s
      At line 167 in file CMSIS\CM4\DeviceSupport\startup\mdk\startup_at32f421k
8u7.s

DebugMon_Handler 00000014

Symbol: DebugMon_Handler
   Definitions
      At line 143 in file CMSIS\CM4\DeviceSupport\startup\mdk\startup_at32f421k
8u7.s
   Uses
      At line 54 in file CMSIS\CM4\DeviceSupport\startup\mdk\startup_at32f421k8
u7.s
      At line 144 in file CMSIS\CM4\DeviceSupport\startup\mdk\startup_at32f421k
8u7.s

Default_Handler 0000001A

Symbol: Default_Handler
   Definitions
      At line 156 in file CMSIS\CM4\DeviceSupport\startup\mdk\startup_at32f421k
8u7.s
   Uses
      None
Comment: Default_Handler unused
ERTC_IRQHandler 0000001A

Symbol: ERTC_IRQHandler
   Definitions
      At line 187 in file CMSIS\CM4\DeviceSupport\startup\mdk\startup_at32f421k
8u7.s
   Uses
      At line 62 in file CMSIS\CM4\DeviceSupport\startup\mdk\startup_at32f421k8
u7.s
      At line 159 in file CMSIS\CM4\DeviceSupport\startup\mdk\startup_at32f421k
8u7.s

EXTI15_4_IRQHandler 0000001A

Symbol: EXTI15_4_IRQHandler
   Definitions
      At line 192 in file CMSIS\CM4\DeviceSupport\startup\mdk\startup_at32f421k
8u7.s
   Uses
      At line 67 in file CMSIS\CM4\DeviceSupport\startup\mdk\startup_at32f421k8
u7.s
      At line 164 in file CMSIS\CM4\DeviceSupport\startup\mdk\startup_at32f421k
8u7.s

EXTI1_0_IRQHandler 0000001A

Symbol: EXTI1_0_IRQHandler
   Definitions



ARM Macro Assembler    Page 3 Alphabetic symbol ordering
Relocatable symbols

      At line 190 in file CMSIS\CM4\DeviceSupport\startup\mdk\startup_at32f421k
8u7.s
   Uses
      At line 65 in file CMSIS\CM4\DeviceSupport\startup\mdk\startup_at32f421k8
u7.s
      At line 162 in file CMSIS\CM4\DeviceSupport\startup\mdk\startup_at32f421k
8u7.s

EXTI3_2_IRQHandler 0000001A

Symbol: EXTI3_2_IRQHandler
   Definitions
      At line 191 in file CMSIS\CM4\DeviceSupport\startup\mdk\startup_at32f421k
8u7.s
   Uses
      At line 66 in file CMSIS\CM4\DeviceSupport\startup\mdk\startup_at32f421k8
u7.s
      At line 163 in file CMSIS\CM4\DeviceSupport\startup\mdk\startup_at32f421k
8u7.s

FLASH_IRQHandler 0000001A

Symbol: FLASH_IRQHandler
   Definitions
      At line 188 in file CMSIS\CM4\DeviceSupport\startup\mdk\startup_at32f421k
8u7.s
   Uses
      At line 63 in file CMSIS\CM4\DeviceSupport\startup\mdk\startup_at32f421k8
u7.s
      At line 160 in file CMSIS\CM4\DeviceSupport\startup\mdk\startup_at32f421k
8u7.s

HardFault_Handler 0000000A

Symbol: HardFault_Handler
   Definitions
      At line 119 in file CMSIS\CM4\DeviceSupport\startup\mdk\startup_at32f421k
8u7.s
   Uses
      At line 45 in file CMSIS\CM4\DeviceSupport\startup\mdk\startup_at32f421k8
u7.s
      At line 120 in file CMSIS\CM4\DeviceSupport\startup\mdk\startup_at32f421k
8u7.s

I2C1_ER_IRQHandler 0000001A

Symbol: I2C1_ER_IRQHandler
   Definitions
      At line 211 in file CMSIS\CM4\DeviceSupport\startup\mdk\startup_at32f421k
8u7.s
   Uses
      At line 92 in file CMSIS\CM4\DeviceSupport\startup\mdk\startup_at32f421k8
u7.s
      At line 183 in file CMSIS\CM4\DeviceSupport\startup\mdk\startup_at32f421k
8u7.s

I2C1_EV_IRQHandler 0000001A

Symbol: I2C1_EV_IRQHandler



ARM Macro Assembler    Page 4 Alphabetic symbol ordering
Relocatable symbols

   Definitions
      At line 205 in file CMSIS\CM4\DeviceSupport\startup\mdk\startup_at32f421k
8u7.s
   Uses
      At line 83 in file CMSIS\CM4\DeviceSupport\startup\mdk\startup_at32f421k8
u7.s
      At line 177 in file CMSIS\CM4\DeviceSupport\startup\mdk\startup_at32f421k
8u7.s

I2C2_ER_IRQHandler 0000001A

Symbol: I2C2_ER_IRQHandler
   Definitions
      At line 212 in file CMSIS\CM4\DeviceSupport\startup\mdk\startup_at32f421k
8u7.s
   Uses
      At line 94 in file CMSIS\CM4\DeviceSupport\startup\mdk\startup_at32f421k8
u7.s
      At line 184 in file CMSIS\CM4\DeviceSupport\startup\mdk\startup_at32f421k
8u7.s

I2C2_EV_IRQHandler 0000001A

Symbol: I2C2_EV_IRQHandler
   Definitions
      At line 206 in file CMSIS\CM4\DeviceSupport\startup\mdk\startup_at32f421k
8u7.s
   Uses
      At line 84 in file CMSIS\CM4\DeviceSupport\startup\mdk\startup_at32f421k8
u7.s
      At line 178 in file CMSIS\CM4\DeviceSupport\startup\mdk\startup_at32f421k
8u7.s

MemManage_Handler 0000000C

Symbol: MemManage_Handler
   Definitions
      At line 124 in file CMSIS\CM4\DeviceSupport\startup\mdk\startup_at32f421k
8u7.s
   Uses
      At line 46 in file CMSIS\CM4\DeviceSupport\startup\mdk\startup_at32f421k8
u7.s
      At line 125 in file CMSIS\CM4\DeviceSupport\startup\mdk\startup_at32f421k
8u7.s

NMI_Handler 00000008

Symbol: NMI_Handler
   Definitions
      At line 114 in file CMSIS\CM4\DeviceSupport\startup\mdk\startup_at32f421k
8u7.s
   Uses
      At line 44 in file CMSIS\CM4\DeviceSupport\startup\mdk\startup_at32f421k8
u7.s
      At line 115 in file CMSIS\CM4\DeviceSupport\startup\mdk\startup_at32f421k
8u7.s

PVD_IRQHandler 0000001A




ARM Macro Assembler    Page 5 Alphabetic symbol ordering
Relocatable symbols

Symbol: PVD_IRQHandler
   Definitions
      At line 186 in file CMSIS\CM4\DeviceSupport\startup\mdk\startup_at32f421k
8u7.s
   Uses
      At line 61 in file CMSIS\CM4\DeviceSupport\startup\mdk\startup_at32f421k8
u7.s
      At line 158 in file CMSIS\CM4\DeviceSupport\startup\mdk\startup_at32f421k
8u7.s

PendSV_Handler 00000016

Symbol: PendSV_Handler
   Definitions
      At line 147 in file CMSIS\CM4\DeviceSupport\startup\mdk\startup_at32f421k
8u7.s
   Uses
      At line 56 in file CMSIS\CM4\DeviceSupport\startup\mdk\startup_at32f421k8
u7.s
      At line 148 in file CMSIS\CM4\DeviceSupport\startup\mdk\startup_at32f421k
8u7.s

RCC_IRQHandler 0000001A

Symbol: RCC_IRQHandler
   Definitions
      At line 189 in file CMSIS\CM4\DeviceSupport\startup\mdk\startup_at32f421k
8u7.s
   Uses
      At line 64 in file CMSIS\CM4\DeviceSupport\startup\mdk\startup_at32f421k8
u7.s
      At line 161 in file CMSIS\CM4\DeviceSupport\startup\mdk\startup_at32f421k
8u7.s

Reset_Handler 00000000

Symbol: Reset_Handler
   Definitions
      At line 102 in file CMSIS\CM4\DeviceSupport\startup\mdk\startup_at32f421k
8u7.s
   Uses
      At line 43 in file CMSIS\CM4\DeviceSupport\startup\mdk\startup_at32f421k8
u7.s
      At line 103 in file CMSIS\CM4\DeviceSupport\startup\mdk\startup_at32f421k
8u7.s

SPI1_IRQHandler 0000001A

Symbol: SPI1_IRQHandler
   Definitions
      At line 207 in file CMSIS\CM4\DeviceSupport\startup\mdk\startup_at32f421k
8u7.s
   Uses
      At line 85 in file CMSIS\CM4\DeviceSupport\startup\mdk\startup_at32f421k8
u7.s
      At line 179 in file CMSIS\CM4\DeviceSupport\startup\mdk\startup_at32f421k
8u7.s

SPI2_IRQHandler 0000001A



ARM Macro Assembler    Page 6 Alphabetic symbol ordering
Relocatable symbols


Symbol: SPI2_IRQHandler
   Definitions
      At line 208 in file CMSIS\CM4\DeviceSupport\startup\mdk\startup_at32f421k
8u7.s
   Uses
      At line 86 in file CMSIS\CM4\DeviceSupport\startup\mdk\startup_at32f421k8
u7.s
      At line 180 in file CMSIS\CM4\DeviceSupport\startup\mdk\startup_at32f421k
8u7.s

SVC_Handler 00000012

Symbol: SVC_Handler
   Definitions
      At line 138 in file CMSIS\CM4\DeviceSupport\startup\mdk\startup_at32f421k
8u7.s
   Uses
      At line 53 in file CMSIS\CM4\DeviceSupport\startup\mdk\startup_at32f421k8
u7.s
      At line 139 in file CMSIS\CM4\DeviceSupport\startup\mdk\startup_at32f421k
8u7.s

SysTick_Handler 00000018

Symbol: SysTick_Handler
   Definitions
      At line 151 in file CMSIS\CM4\DeviceSupport\startup\mdk\startup_at32f421k
8u7.s
   Uses
      At line 57 in file CMSIS\CM4\DeviceSupport\startup\mdk\startup_at32f421k8
u7.s
      At line 152 in file CMSIS\CM4\DeviceSupport\startup\mdk\startup_at32f421k
8u7.s

TMR14_GLOBAL_IRQHandler 0000001A

Symbol: TMR14_GLOBAL_IRQHandler
   Definitions
      At line 201 in file CMSIS\CM4\DeviceSupport\startup\mdk\startup_at32f421k
8u7.s
   Uses
      At line 79 in file CMSIS\CM4\DeviceSupport\startup\mdk\startup_at32f421k8
u7.s
      At line 173 in file CMSIS\CM4\DeviceSupport\startup\mdk\startup_at32f421k
8u7.s

TMR15_GLOBAL_IRQHandler 0000001A

Symbol: TMR15_GLOBAL_IRQHandler
   Definitions
      At line 202 in file CMSIS\CM4\DeviceSupport\startup\mdk\startup_at32f421k
8u7.s
   Uses
      At line 80 in file CMSIS\CM4\DeviceSupport\startup\mdk\startup_at32f421k8
u7.s
      At line 174 in file CMSIS\CM4\DeviceSupport\startup\mdk\startup_at32f421k
8u7.s




ARM Macro Assembler    Page 7 Alphabetic symbol ordering
Relocatable symbols

TMR16_GLOBAL_IRQHandler 0000001A

Symbol: TMR16_GLOBAL_IRQHandler
   Definitions
      At line 203 in file CMSIS\CM4\DeviceSupport\startup\mdk\startup_at32f421k
8u7.s
   Uses
      At line 81 in file CMSIS\CM4\DeviceSupport\startup\mdk\startup_at32f421k8
u7.s
      At line 175 in file CMSIS\CM4\DeviceSupport\startup\mdk\startup_at32f421k
8u7.s

TMR17_GLOBAL_IRQHandler 0000001A

Symbol: TMR17_GLOBAL_IRQHandler
   Definitions
      At line 204 in file CMSIS\CM4\DeviceSupport\startup\mdk\startup_at32f421k
8u7.s
   Uses
      At line 82 in file CMSIS\CM4\DeviceSupport\startup\mdk\startup_at32f421k8
u7.s
      At line 176 in file CMSIS\CM4\DeviceSupport\startup\mdk\startup_at32f421k
8u7.s

TMR1_BRK_UP_TRG_COM_IRQHandler 0000001A

Symbol: TMR1_BRK_UP_TRG_COM_IRQHandler
   Definitions
      At line 197 in file CMSIS\CM4\DeviceSupport\startup\mdk\startup_at32f421k
8u7.s
   Uses
      At line 73 in file CMSIS\CM4\DeviceSupport\startup\mdk\startup_at32f421k8
u7.s
      At line 169 in file CMSIS\CM4\DeviceSupport\startup\mdk\startup_at32f421k
8u7.s

TMR1_CC_IRQHandler 0000001A

Symbol: TMR1_CC_IRQHandler
   Definitions
      At line 198 in file CMSIS\CM4\DeviceSupport\startup\mdk\startup_at32f421k
8u7.s
   Uses
      At line 74 in file CMSIS\CM4\DeviceSupport\startup\mdk\startup_at32f421k8
u7.s
      At line 170 in file CMSIS\CM4\DeviceSupport\startup\mdk\startup_at32f421k
8u7.s

TMR3_GLOBAL_IRQHandler 0000001A

Symbol: TMR3_GLOBAL_IRQHandler
   Definitions
      At line 199 in file CMSIS\CM4\DeviceSupport\startup\mdk\startup_at32f421k
8u7.s
   Uses
      At line 76 in file CMSIS\CM4\DeviceSupport\startup\mdk\startup_at32f421k8
u7.s
      At line 171 in file CMSIS\CM4\DeviceSupport\startup\mdk\startup_at32f421k
8u7.s



ARM Macro Assembler    Page 8 Alphabetic symbol ordering
Relocatable symbols


TMR6_GLOBAL_IRQHandler 0000001A

Symbol: TMR6_GLOBAL_IRQHandler
   Definitions
      At line 200 in file CMSIS\CM4\DeviceSupport\startup\mdk\startup_at32f421k
8u7.s
   Uses
      At line 77 in file CMSIS\CM4\DeviceSupport\startup\mdk\startup_at32f421k8
u7.s
      At line 172 in file CMSIS\CM4\DeviceSupport\startup\mdk\startup_at32f421k
8u7.s

USART1_IRQHandler 0000001A

Symbol: USART1_IRQHandler
   Definitions
      At line 209 in file CMSIS\CM4\DeviceSupport\startup\mdk\startup_at32f421k
8u7.s
   Uses
      At line 87 in file CMSIS\CM4\DeviceSupport\startup\mdk\startup_at32f421k8
u7.s
      At line 181 in file CMSIS\CM4\DeviceSupport\startup\mdk\startup_at32f421k
8u7.s

USART2_IRQHandler 0000001A

Symbol: USART2_IRQHandler
   Definitions
      At line 210 in file CMSIS\CM4\DeviceSupport\startup\mdk\startup_at32f421k
8u7.s
   Uses
      At line 88 in file CMSIS\CM4\DeviceSupport\startup\mdk\startup_at32f421k8
u7.s
      At line 182 in file CMSIS\CM4\DeviceSupport\startup\mdk\startup_at32f421k
8u7.s

UsageFault_Handler 00000010

Symbol: UsageFault_Handler
   Definitions
      At line 134 in file CMSIS\CM4\DeviceSupport\startup\mdk\startup_at32f421k
8u7.s
   Uses
      At line 48 in file CMSIS\CM4\DeviceSupport\startup\mdk\startup_at32f421k8
u7.s
      At line 135 in file CMSIS\CM4\DeviceSupport\startup\mdk\startup_at32f421k
8u7.s

WWDG_IRQHandler 0000001A

Symbol: WWDG_IRQHandler
   Definitions
      At line 185 in file CMSIS\CM4\DeviceSupport\startup\mdk\startup_at32f421k
8u7.s
   Uses
      At line 60 in file CMSIS\CM4\DeviceSupport\startup\mdk\startup_at32f421k8
u7.s
      At line 157 in file CMSIS\CM4\DeviceSupport\startup\mdk\startup_at32f421k



ARM Macro Assembler    Page 9 Alphabetic symbol ordering
Relocatable symbols

8u7.s

__user_initial_stackheap 0000001C

Symbol: __user_initial_stackheap
   Definitions
      At line 233 in file CMSIS\CM4\DeviceSupport\startup\mdk\startup_at32f421k
8u7.s
   Uses
      At line 231 in file CMSIS\CM4\DeviceSupport\startup\mdk\startup_at32f421k
8u7.s
Comment: __user_initial_stackheap used once
41 symbols



ARM Macro Assembler    Page 1 Alphabetic symbol ordering
Absolute symbols

Heap_Size 00000200

Symbol: Heap_Size
   Definitions
      At line 25 in file CMSIS\CM4\DeviceSupport\startup\mdk\startup_at32f421k8
u7.s
   Uses
      At line 29 in file CMSIS\CM4\DeviceSupport\startup\mdk\startup_at32f421k8
u7.s
      At line 237 in file CMSIS\CM4\DeviceSupport\startup\mdk\startup_at32f421k
8u7.s

Stack_Size 00000400

Symbol: Stack_Size
   Definitions
      At line 15 in file CMSIS\CM4\DeviceSupport\startup\mdk\startup_at32f421k8
u7.s
   Uses
      At line 18 in file CMSIS\CM4\DeviceSupport\startup\mdk\startup_at32f421k8
u7.s
      At line 236 in file CMSIS\CM4\DeviceSupport\startup\mdk\startup_at32f421k
8u7.s

__Vectors_Size 000000CC

Symbol: __Vectors_Size
   Definitions
      At line 97 in file CMSIS\CM4\DeviceSupport\startup\mdk\startup_at32f421k8
u7.s
   Uses
      At line 40 in file CMSIS\CM4\DeviceSupport\startup\mdk\startup_at32f421k8
u7.s
Comment: __Vectors_Size used once
3 symbols



ARM Macro Assembler    Page 1 Alphabetic symbol ordering
External symbols

SystemInit 00000000

Symbol: SystemInit
   Definitions
      At line 105 in file CMSIS\CM4\DeviceSupport\startup\mdk\startup_at32f421k
8u7.s
   Uses
      At line 106 in file CMSIS\CM4\DeviceSupport\startup\mdk\startup_at32f421k
8u7.s
Comment: SystemInit used once
__main 00000000

Symbol: __main
   Definitions
      At line 104 in file CMSIS\CM4\DeviceSupport\startup\mdk\startup_at32f421k
8u7.s
   Uses
      At line 108 in file CMSIS\CM4\DeviceSupport\startup\mdk\startup_at32f421k
8u7.s
Comment: __main used once
__use_two_region_memory 00000000

Symbol: __use_two_region_memory
   Definitions
      At line 230 in file CMSIS\CM4\DeviceSupport\startup\mdk\startup_at32f421k
8u7.s
   Uses
      None
Comment: __use_two_region_memory unused
3 symbols
394 symbols in table
